<?xml version="1.0" encoding="UTF-8"?>
<testsuite name="com.mindex.challenge.DataBootstrapTest" tests="1" skipped="0" failures="0" errors="0" timestamp="2024-02-02T19:44:44" hostname="DESKTOP-G91P88A" time="0.032">
  <properties/>
  <testcase name="test" classname="com.mindex.challenge.DataBootstrapTest" time="0.032"/>
  <system-out><![CDATA[2024-02-02 14:44:44.932  INFO 41476 --- [    Test worker] .b.t.c.SpringBootTestContextBootstrapper : Neither @ContextConfiguration nor @ContextHierarchy found for test class [com.mindex.challenge.DataBootstrapTest], using SpringBootContextLoader
2024-02-02 14:44:44.933  INFO 41476 --- [    Test worker] o.s.t.c.support.AbstractContextLoader    : Could not detect default resource locations for test class [com.mindex.challenge.DataBootstrapTest]: no resource found for suffixes {-context.xml, Context.groovy}.
2024-02-02 14:44:44.933  INFO 41476 --- [    Test worker] t.c.s.AnnotationConfigContextLoaderUtils : Could not detect default configuration classes for test class [com.mindex.challenge.DataBootstrapTest]: DataBootstrapTest does not declare any static, non-private, non-final, nested classes annotated with @Configuration.
2024-02-02 14:44:44.934  INFO 41476 --- [    Test worker] .b.t.c.SpringBootTestContextBootstrapper : Found @SpringBootConfiguration com.mindex.challenge.ChallengeApplication for test class com.mindex.challenge.DataBootstrapTest
2024-02-02 14:44:44.935  INFO 41476 --- [    Test worker] .b.t.c.SpringBootTestContextBootstrapper : Loaded default TestExecutionListener class names from location [META-INF/spring.factories]: [org.springframework.boot.test.autoconfigure.restdocs.RestDocsTestExecutionListener, org.springframework.boot.test.autoconfigure.web.client.MockRestServiceServerResetTestExecutionListener, org.springframework.boot.test.autoconfigure.web.servlet.MockMvcPrintOnlyOnFailureTestExecutionListener, org.springframework.boot.test.autoconfigure.web.servlet.WebDriverTestExecutionListener, org.springframework.boot.test.mock.mockito.MockitoTestExecutionListener, org.springframework.boot.test.mock.mockito.ResetMocksTestExecutionListener, org.springframework.test.context.web.ServletTestExecutionListener, org.springframework.test.context.support.DirtiesContextBeforeModesTestExecutionListener, org.springframework.test.context.support.DependencyInjectionTestExecutionListener, org.springframework.test.context.support.DirtiesContextTestExecutionListener, org.springframework.test.context.transaction.TransactionalTestExecutionListener, org.springframework.test.context.jdbc.SqlScriptsTestExecutionListener, org.springframework.test.context.event.EventPublishingTestExecutionListener]
2024-02-02 14:44:44.935  INFO 41476 --- [    Test worker] .b.t.c.SpringBootTestContextBootstrapper : Using TestExecutionListeners: [org.springframework.test.context.web.ServletTestExecutionListener@48daff55, org.springframework.test.context.support.DirtiesContextBeforeModesTestExecutionListener@3ea0d63d, org.springframework.boot.test.mock.mockito.MockitoTestExecutionListener@4c169ae6, org.springframework.boot.test.autoconfigure.SpringBootDependencyInjectionTestExecutionListener@7d8ee85c, org.springframework.test.context.support.DirtiesContextTestExecutionListener@623180ef, org.springframework.test.context.transaction.TransactionalTestExecutionListener@5a98a3aa, org.springframework.test.context.jdbc.SqlScriptsTestExecutionListener@22a1d3b5, org.springframework.test.context.event.EventPublishingTestExecutionListener@28e713b5, org.springframework.boot.test.autoconfigure.restdocs.RestDocsTestExecutionListener@463fc8be, org.springframework.boot.test.autoconfigure.web.client.MockRestServiceServerResetTestExecutionListener@59a5b620, org.springframework.boot.test.autoconfigure.web.servlet.MockMvcPrintOnlyOnFailureTestExecutionListener@75b5fada, org.springframework.boot.test.autoconfigure.web.servlet.WebDriverTestExecutionListener@655f3562, org.springframework.boot.test.mock.mockito.ResetMocksTestExecutionListener@5d9d6b4f]
]]></system-out>
  <system-err><![CDATA[]]></system-err>
</testsuite>
