<?xml version="1.0" encoding="UTF-8"?>
<testsuite name="com.mindex.challenge.service.CompensationServiceTest" tests="5" skipped="0" failures="0" errors="0" timestamp="2024-02-02T19:44:44" hostname="DESKTOP-G91P88A" time="0.044">
  <properties/>
  <testcase name="testFindAll" classname="com.mindex.challenge.service.CompensationServiceTest" time="0.037"/>
  <testcase name="testSave" classname="com.mindex.challenge.service.CompensationServiceTest" time="0.001"/>
  <testcase name="testFindByEmployeeIdExisting" classname="com.mindex.challenge.service.CompensationServiceTest" time="0.001"/>
  <testcase name="testDeleteByEmployeeId" classname="com.mindex.challenge.service.CompensationServiceTest" time="0.004"/>
  <testcase name="testFindByEmployeeIdNonExisting" classname="com.mindex.challenge.service.CompensationServiceTest" time="0.001"/>
  <system-out><![CDATA[]]></system-out>
  <system-err><![CDATA[]]></system-err>
</testsuite>
